2014/07/09 06:22:53 [info] [application] $_SERVER=array (
  'XDG_VTNR' => '7',
  'SSH_AGENT_PID' => '2627',
  'XDG_SESSION_ID' => 'c2',
  'CLUTTER_IM_MODULE' => 'xim',
  'XDG_GREETER_DATA_DIR' => '/var/lib/lightdm-data/mhb',
  'GPG_AGENT_INFO' => '/run/user/1000/keyring-qsbSIa/gpg:0:1',
  'TERM' => 'xterm',
  'SHELL' => '/bin/bash',
  'XDG_MENU_PREFIX' => 'gnome-',
  'VTE_VERSION' => '3409',
  'WINDOWID' => '52430439',
  'GNOME_KEYRING_CONTROL' => '/run/user/1000/keyring-qsbSIa',
  'GTK_MODULES' => 'overlay-scrollbar',
  'NO_PROXY' => 'localhost,127.0.0.0/8,::1',
  'USER' => 'mhb',
  'LS_COLORS' => 'rs=0:di=01;34:ln=01;36:mh=00:pi=40;33:so=01;35:do=01;35:bd=40;33;01:cd=40;33;01:or=40;31;01:su=37;41:sg=30;43:ca=30;41:tw=30;42:ow=34;42:st=37;44:ex=01;32:*.tar=01;31:*.tgz=01;31:*.arj=01;31:*.taz=01;31:*.lzh=01;31:*.lzma=01;31:*.tlz=01;31:*.txz=01;31:*.zip=01;31:*.z=01;31:*.Z=01;31:*.dz=01;31:*.gz=01;31:*.lz=01;31:*.xz=01;31:*.bz2=01;31:*.bz=01;31:*.tbz=01;31:*.tbz2=01;31:*.tz=01;31:*.deb=01;31:*.rpm=01;31:*.jar=01;31:*.war=01;31:*.ear=01;31:*.sar=01;31:*.rar=01;31:*.ace=01;31:*.zoo=01;31:*.cpio=01;31:*.7z=01;31:*.rz=01;31:*.jpg=01;35:*.jpeg=01;35:*.gif=01;35:*.bmp=01;35:*.pbm=01;35:*.pgm=01;35:*.ppm=01;35:*.tga=01;35:*.xbm=01;35:*.xpm=01;35:*.tif=01;35:*.tiff=01;35:*.png=01;35:*.svg=01;35:*.svgz=01;35:*.mng=01;35:*.pcx=01;35:*.mov=01;35:*.mpg=01;35:*.mpeg=01;35:*.m2v=01;35:*.mkv=01;35:*.webm=01;35:*.ogm=01;35:*.mp4=01;35:*.m4v=01;35:*.mp4v=01;35:*.vob=01;35:*.qt=01;35:*.nuv=01;35:*.wmv=01;35:*.asf=01;35:*.rm=01;35:*.rmvb=01;35:*.flc=01;35:*.avi=01;35:*.fli=01;35:*.flv=01;35:*.gl=01;35:*.dl=01;35:*.xcf=01;35:*.xwd=01;35:*.yuv=01;35:*.cgm=01;35:*.emf=01;35:*.axv=01;35:*.anx=01;35:*.ogv=01;35:*.ogx=01;35:*.aac=00;36:*.au=00;36:*.flac=00;36:*.mid=00;36:*.midi=00;36:*.mka=00;36:*.mp3=00;36:*.mpc=00;36:*.ogg=00;36:*.ra=00;36:*.wav=00;36:*.axa=00;36:*.oga=00;36:*.spx=00;36:*.xspf=00;36:',
  'XDG_SESSION_PATH' => '/org/freedesktop/DisplayManager/Session0',
  'XDG_SEAT_PATH' => '/org/freedesktop/DisplayManager/Seat0',
  'SSH_AUTH_SOCK' => '/run/user/1000/keyring-qsbSIa/ssh',
  'SESSION_MANAGER' => 'local/mhb-pc:@/tmp/.ICE-unix/2548,unix/mhb-pc:/tmp/.ICE-unix/2548',
  'DEFAULTS_PATH' => '/usr/share/gconf/cairo-dock.default.path',
  'XDG_CONFIG_DIRS' => '/etc/xdg/xdg-cairo-dock:/etc/xdg',
  'PATH' => '/usr/local/sbin:/usr/local/bin:/usr/sbin:/usr/bin:/sbin:/bin:/usr/games:/usr/local/games',
  'DESKTOP_SESSION' => 'cairo-dock',
  'QT_IM_MODULE' => 'ibus',
  'QT_QPA_PLATFORMTHEME' => 'appmenu-qt5',
  'PWD' => '/home/wwwroot/weison',
  'XMODIFIERS' => '@im=ibus',
  'GNOME_KEYRING_PID' => '2493',
  'LANG' => 'zh_CN.UTF-8',
  'GDM_LANG' => 'zh_CN',
  'MANDATORY_PATH' => '/usr/share/gconf/cairo-dock.mandatory.path',
  'GDMSESSION' => 'cairo-dock',
  'SHLVL' => '1',
  'XDG_SEAT' => 'seat0',
  'HOME' => '/home/mhb',
  'LANGUAGE' => 'zh_CN:zh',
  'no_proxy' => 'localhost,127.0.0.0/8,::1',
  'GNOME_DESKTOP_SESSION_ID' => 'this-is-deprecated',
  'LOGNAME' => 'mhb',
  'QT4_IM_MODULE' => 'fcitx',
  'XDG_DATA_DIRS' => '/usr/share/cairo-dock:/usr/share/gnome:/usr/local/share/:/usr/share/',
  'DBUS_SESSION_BUS_ADDRESS' => 'unix:abstract=/tmp/dbus-OJySqnisky,guid=c4478524a5b0164bdf0bc26a53bcd1cb',
  'LESSOPEN' => '| /usr/bin/lesspipe %s',
  'TEXTDOMAIN' => 'im-config',
  'XDG_RUNTIME_DIR' => '/run/user/1000',
  'DISPLAY' => ':0',
  'XDG_CURRENT_DESKTOP' => 'Unity',
  'GTK_IM_MODULE' => 'fcitx',
  'LESSCLOSE' => '/usr/bin/lesspipe %s %s',
  'TEXTDOMAINDIR' => '/usr/share/locale/',
  'COLORTERM' => 'gnome-terminal',
  'XAUTHORITY' => '/home/mhb/.Xauthority',
  'OLDPWD' => '/home/wwwroot/weison/common',
  '_' => '/usr/bin/php',
  'PHP_SELF' => 'yiic',
  'SCRIPT_NAME' => 'yiic',
  'SCRIPT_FILENAME' => 'yiic',
  'PATH_TRANSLATED' => 'yiic',
  'DOCUMENT_ROOT' => '',
  'REQUEST_TIME' => 1404886973,
  'argv' => 
  array (
    0 => 'yiic',
    1 => 'migrate',
  ),
  'argc' => 2,
)
2014/07/09 06:22:53 [error] [system.db.CDbCommand] CDbCommand::execute() failed: SQLSTATE[42S02]: Base table or view not found: 1146 Table 'weison.cache' doesn't exist. The SQL statement executed was: DELETE FROM cache WHERE expire>0 AND expire<1404886973.
2014/07/09 06:22:54 [error] [system.db.CDbCommand] CDbCommand::fetchAll() failed: SQLSTATE[42S02]: Base table or view not found: 1146 Table 'weison.tbl_migration' doesn't exist. The SQL statement executed was: SHOW FULL COLUMNS FROM `tbl_migration`.
2014/07/09 06:25:07 [info] [application] $_SERVER=array (
  'TERM' => 'xterm',
  'LS_COLORS' => 'rs=0:di=01;34:ln=01;36:mh=00:pi=40;33:so=01;35:do=01;35:bd=40;33;01:cd=40;33;01:or=40;31;01:su=37;41:sg=30;43:ca=30;41:tw=30;42:ow=34;42:st=37;44:ex=01;32:*.tar=01;31:*.tgz=01;31:*.arj=01;31:*.taz=01;31:*.lzh=01;31:*.lzma=01;31:*.tlz=01;31:*.txz=01;31:*.zip=01;31:*.z=01;31:*.Z=01;31:*.dz=01;31:*.gz=01;31:*.lz=01;31:*.xz=01;31:*.bz2=01;31:*.bz=01;31:*.tbz=01;31:*.tbz2=01;31:*.tz=01;31:*.deb=01;31:*.rpm=01;31:*.jar=01;31:*.war=01;31:*.ear=01;31:*.sar=01;31:*.rar=01;31:*.ace=01;31:*.zoo=01;31:*.cpio=01;31:*.7z=01;31:*.rz=01;31:*.jpg=01;35:*.jpeg=01;35:*.gif=01;35:*.bmp=01;35:*.pbm=01;35:*.pgm=01;35:*.ppm=01;35:*.tga=01;35:*.xbm=01;35:*.xpm=01;35:*.tif=01;35:*.tiff=01;35:*.png=01;35:*.svg=01;35:*.svgz=01;35:*.mng=01;35:*.pcx=01;35:*.mov=01;35:*.mpg=01;35:*.mpeg=01;35:*.m2v=01;35:*.mkv=01;35:*.webm=01;35:*.ogm=01;35:*.mp4=01;35:*.m4v=01;35:*.mp4v=01;35:*.vob=01;35:*.qt=01;35:*.nuv=01;35:*.wmv=01;35:*.asf=01;35:*.rm=01;35:*.rmvb=01;35:*.flc=01;35:*.avi=01;35:*.fli=01;35:*.flv=01;35:*.gl=01;35:*.dl=01;35:*.xcf=01;35:*.xwd=01;35:*.yuv=01;35:*.cgm=01;35:*.emf=01;35:*.axv=01;35:*.anx=01;35:*.ogv=01;35:*.ogx=01;35:*.aac=00;36:*.au=00;36:*.flac=00;36:*.mid=00;36:*.midi=00;36:*.mka=00;36:*.mp3=00;36:*.mpc=00;36:*.ogg=00;36:*.ra=00;36:*.wav=00;36:*.axa=00;36:*.oga=00;36:*.spx=00;36:*.xspf=00;36:',
  'PATH' => '/usr/local/sbin:/usr/local/bin:/usr/sbin:/usr/bin:/sbin:/bin',
  'LANG' => 'zh_CN.UTF-8',
  'HOME' => '/home/mhb',
  'LANGUAGE' => 'zh_CN:zh',
  'DISPLAY' => ':0',
  'COLORTERM' => 'gnome-terminal',
  'XAUTHORITY' => '/home/mhb/.Xauthority',
  'SHELL' => '/bin/bash',
  'MAIL' => '/var/mail/root',
  'LOGNAME' => 'root',
  'USER' => 'root',
  'USERNAME' => 'root',
  'SUDO_COMMAND' => '/usr/bin/php yiic migrate',
  'SUDO_USER' => 'mhb',
  'SUDO_UID' => '1000',
  'SUDO_GID' => '1000',
  'PHP_SELF' => 'yiic',
  'SCRIPT_NAME' => 'yiic',
  'SCRIPT_FILENAME' => 'yiic',
  'PATH_TRANSLATED' => 'yiic',
  'DOCUMENT_ROOT' => '',
  'REQUEST_TIME' => 1404887107,
  'argv' => 
  array (
    0 => 'yiic',
    1 => 'migrate',
  ),
  'argc' => 2,
)
2014/07/09 06:25:07 [error] [system.db.CDbCommand] CDbCommand::execute() failed: SQLSTATE[42S02]: Base table or view not found: 1146 Table 'weison.cache' doesn't exist. The SQL statement executed was: DELETE FROM cache WHERE expire>0 AND expire<1404887107.
2014/07/09 06:25:07 [error] [system.db.CDbCommand] CDbCommand::fetchAll() failed: SQLSTATE[42S02]: Base table or view not found: 1146 Table 'weison.tbl_migration' doesn't exist. The SQL statement executed was: SHOW FULL COLUMNS FROM `tbl_migration`.
